nohup: ignoring input
    Finished `dev` profile [unoptimized + debuginfo] target(s) in 0.12s
     Running `target/debug/linuxblaster_control`
[2m2026-02-21T14:46:23.991054Z[0m [34mDEBUG[0m [2mlinuxblaster_control[0m[2m:[0m Found device:
[2m2026-02-21T14:46:23.991116Z[0m [34mDEBUG[0m [2mlinuxblaster_control[0m[2m:[0m - vendor_id:     0x041e
[2m2026-02-21T14:46:23.991122Z[0m [34mDEBUG[0m [2mlinuxblaster_control[0m[2m:[0m - product_id:    0x3256
[2m2026-02-21T14:46:23.991131Z[0m [34mDEBUG[0m [2mlinuxblaster_control[0m[2m:[0m - interface:     4
[2m2026-02-21T14:46:23.991138Z[0m [34mDEBUG[0m [2mlinuxblaster_control[0m[2m:[0m - manufacturer:  Creative Technology Ltd
[2m2026-02-21T14:46:23.991143Z[0m [34mDEBUG[0m [2mlinuxblaster_control[0m[2m:[0m - product:       Sound BlasterX G6
[2m2026-02-21T14:46:23.991148Z[0m [34mDEBUG[0m [2mlinuxblaster_control[0m[2m:[0m - serial_number: 81006A436DX
[2m2026-02-21T14:46:24.042257Z[0m [34mDEBUG[0m [2mlinuxblaster_control[0m[2m:[0m Applying toggle: SBX
[2m2026-02-21T14:46:24.042299Z[0m [34mDEBUG[0m [2mlinuxblaster_control[0m[2m:[0m - value: true
[2m2026-02-21T14:46:24.042308Z[0m [34mDEBUG[0m [2mlinuxblaster_control[0m[2m:[0m ===== set_feature =====
[2m2026-02-21T14:46:24.042317Z[0m [34mDEBUG[0m [2mlinuxblaster_control[0m[2m:[0m feature: SBX
[2m2026-02-21T14:46:24.042323Z[0m [34mDEBUG[0m [2mlinuxblaster_control[0m[2m:[0m value:   Some(true)
[2m2026-02-21T14:46:24.042333Z[0m [34mDEBUG[0m [2mlinuxblaster_control[0m[2m:[0m Resolved Feature:
[2m2026-02-21T14:46:24.042338Z[0m [34mDEBUG[0m [2mlinuxblaster_control[0m[2m:[0m - id:           Global(1)
[2m2026-02-21T14:46:24.042343Z[0m [34mDEBUG[0m [2mlinuxblaster_control[0m[2m:[0m - value:        Toggle(false)
[2m2026-02-21T14:46:24.042348Z[0m [34mDEBUG[0m [2mlinuxblaster_control[0m[2m:[0m - dependencies: None
[2m2026-02-21T14:46:24.042353Z[0m [34mDEBUG[0m [2mlinuxblaster_control[0m[2m:[0m Determined final toggle value:
[2m2026-02-21T14:46:24.042359Z[0m [34mDEBUG[0m [2mlinuxblaster_control[0m[2m:[0m - feature:    SBX
[2m2026-02-21T14:46:24.042364Z[0m [34mDEBUG[0m [2mlinuxblaster_control[0m[2m:[0m - final_value: true
[2m2026-02-21T14:46:24.042370Z[0m [34mDEBUG[0m [2mlinuxblaster_control[0m[2m:[0m ===== create_payload =====
[2m2026-02-21T14:46:24.042375Z[0m [34mDEBUG[0m [2mlinuxblaster_control[0m[2m:[0m id:      Global(1)
[2m2026-02-21T14:46:24.042379Z[0m [34mDEBUG[0m [2mlinuxblaster_control[0m[2m:[0m value:   100.0
[2m2026-02-21T14:46:24.042386Z[0m [34mDEBUG[0m [2mlinuxblaster_control[0m[2m:[0m create_payload completed: Global(1)
[2m2026-02-21T14:46:24.042408Z[0m [34mDEBUG[0m [2mlinuxblaster_control[0m[2m:[0m - data:   65 : [0x00, 0x5a, 0x26, 0x05, 0x07, 0x01, 0x00, 0x01, 0x00, 0x00, 0x00, 0x00]
[2m2026-02-21T14:46:24.042420Z[0m [34mDEBUG[0m [2mlinuxblaster_control[0m[2m:[0m - commit: 65 : [0x00, 0x5a, 0x26, 0x03, 0x08, 0xff, 0xff, 0x00, 0x00, 0x00, 0x00, 0x00]
[2m2026-02-21T14:46:24.042426Z[0m [34mDEBUG[0m [2mlinuxblaster_control[0m[2m:[0m ===== create_payload completed =====
[2m2026-02-21T14:46:24.042432Z[0m [34mDEBUG[0m [2mlinuxblaster_control[0m[2m:[0m Sending payload to device...
[2m2026-02-21T14:46:24.042659Z[0m [34mDEBUG[0m [2mlinuxblaster_control[0m[2m:[0m Payload sent ¯\_(ツ)_/¯
[2m2026-02-21T14:46:24.042667Z[0m [34mDEBUG[0m [2mlinuxblaster_control[0m[2m:[0m Updating feature value...
[2m2026-02-21T14:46:24.042672Z[0m [34mDEBUG[0m [2mlinuxblaster_control[0m[2m:[0m ===== update_feature_value =====
[2m2026-02-21T14:46:24.042678Z[0m [34mDEBUG[0m [2mlinuxblaster_control[0m[2m:[0m feature: SBX
[2m2026-02-21T14:46:24.042682Z[0m [34mDEBUG[0m [2mlinuxblaster_control[0m[2m:[0m value:   Toggle(true)
[2m2026-02-21T14:46:24.042688Z[0m [34mDEBUG[0m [2mlinuxblaster_control[0m[2m:[0m Updating Feature Value SBX -> Toggle(true)
[2m2026-02-21T14:46:24.042693Z[0m [34mDEBUG[0m [2mlinuxblaster_control[0m[2m:[0m ===== set_feature completed =====
[2m2026-02-21T14:46:24.042709Z[0m [34mDEBUG[0m [2mlinuxblaster_control[0m[2m:[0m Applying slider: Surround Slider
[2m2026-02-21T14:46:24.042715Z[0m [34mDEBUG[0m [2mlinuxblaster_control[0m[2m:[0m - value: 0.44
[2m2026-02-21T14:46:24.042722Z[0m [34mDEBUG[0m [2mlinuxblaster_control[0m[2m:[0m ===== set_feature =====
[2m2026-02-21T14:46:24.042727Z[0m [34mDEBUG[0m [2mlinuxblaster_control[0m[2m:[0m feature: Surround
[2m2026-02-21T14:46:24.042731Z[0m [34mDEBUG[0m [2mlinuxblaster_control[0m[2m:[0m value:   Some(true)
[2m2026-02-21T14:46:24.042735Z[0m [34mDEBUG[0m [2mlinuxblaster_control[0m[2m:[0m Resolved Feature:
[2m2026-02-21T14:46:24.042739Z[0m [34mDEBUG[0m [2mlinuxblaster_control[0m[2m:[0m - id:           SBX(0)
[2m2026-02-21T14:46:24.042743Z[0m [34mDEBUG[0m [2mlinuxblaster_control[0m[2m:[0m - value:        Toggle(false)
[2m2026-02-21T14:46:24.042747Z[0m [34mDEBUG[0m [2mlinuxblaster_control[0m[2m:[0m - dependencies: Some(["SBX"])
[2m2026-02-21T14:46:24.042754Z[0m [34mDEBUG[0m [2mlinuxblaster_control[0m[2m:[0m Determined final toggle value:
[2m2026-02-21T14:46:24.042758Z[0m [34mDEBUG[0m [2mlinuxblaster_control[0m[2m:[0m - feature:    Surround
[2m2026-02-21T14:46:24.042762Z[0m [34mDEBUG[0m [2mlinuxblaster_control[0m[2m:[0m - final_value: true
[2m2026-02-21T14:46:24.042767Z[0m [34mDEBUG[0m [2mlinuxblaster_control[0m[2m:[0m Setting required dependencies:
[2m2026-02-21T14:46:24.042772Z[0m [34mDEBUG[0m [2mlinuxblaster_control[0m[2m:[0m - dependencies: ["SBX"]
[2m2026-02-21T14:46:24.042778Z[0m [34mDEBUG[0m [2mlinuxblaster_control[0m[2m:[0m Dependency already enabled: SBX
[2m2026-02-21T14:46:24.042784Z[0m [34mDEBUG[0m [2mlinuxblaster_control[0m[2m:[0m ===== create_payload =====
[2m2026-02-21T14:46:24.042788Z[0m [34mDEBUG[0m [2mlinuxblaster_control[0m[2m:[0m id:      SBX(0)
[2m2026-02-21T14:46:24.042792Z[0m [34mDEBUG[0m [2mlinuxblaster_control[0m[2m:[0m value:   100.0
[2m2026-02-21T14:46:24.042797Z[0m [34mDEBUG[0m [2mlinuxblaster_control[0m[2m:[0m create_payload completed: SBX(0)
[2m2026-02-21T14:46:24.042808Z[0m [34mDEBUG[0m [2mlinuxblaster_control[0m[2m:[0m - data:   65 : [0x00, 0x5a, 0x12, 0x07, 0x01, 0x96, 0x00, 0x00, 0x00, 0x80, 0x3f, 0x00]
[2m2026-02-21T14:46:24.042817Z[0m [34mDEBUG[0m [2mlinuxblaster_control[0m[2m:[0m - commit: 65 : [0x00, 0x5a, 0x11, 0x03, 0x01, 0x96, 0x00, 0x00, 0x00, 0x00, 0x00, 0x00]
[2m2026-02-21T14:46:24.042822Z[0m [34mDEBUG[0m [2mlinuxblaster_control[0m[2m:[0m ===== create_payload completed =====
[2m2026-02-21T14:46:24.042826Z[0m [34mDEBUG[0m [2mlinuxblaster_control[0m[2m:[0m Sending payload to device...
[2m2026-02-21T14:46:24.043077Z[0m [34mDEBUG[0m [2mlinuxblaster_control[0m[2m:[0m Payload sent ¯\_(ツ)_/¯
[2m2026-02-21T14:46:24.043101Z[0m [34mDEBUG[0m [2mlinuxblaster_control[0m[2m:[0m Updating feature value...
[2m2026-02-21T14:46:24.043109Z[0m [34mDEBUG[0m [2mlinuxblaster_control[0m[2m:[0m ===== update_feature_value =====
[2m2026-02-21T14:46:24.043114Z[0m [34mDEBUG[0m [2mlinuxblaster_control[0m[2m:[0m feature: Surround
[2m2026-02-21T14:46:24.043118Z[0m [34mDEBUG[0m [2mlinuxblaster_control[0m[2m:[0m value:   Toggle(true)
[2m2026-02-21T14:46:24.043122Z[0m [34mDEBUG[0m [2mlinuxblaster_control[0m[2m:[0m Updating Feature Value Surround -> Toggle(true)
[2m2026-02-21T14:46:24.043127Z[0m [34mDEBUG[0m [2mlinuxblaster_control[0m[2m:[0m ===== set_feature completed =====
[2m2026-02-21T14:46:24.043135Z[0m [34mDEBUG[0m [2mlinuxblaster_control[0m[2m:[0m ===== create_payload =====
[2m2026-02-21T14:46:24.043143Z[0m [34mDEBUG[0m [2mlinuxblaster_control[0m[2m:[0m id:      SBX(1)
[2m2026-02-21T14:46:24.043148Z[0m [34mDEBUG[0m [2mlinuxblaster_control[0m[2m:[0m value:   0.44
[2m2026-02-21T14:46:24.043152Z[0m [34mDEBUG[0m [2mlinuxblaster_control[0m[2m:[0m create_payload completed: SBX(1)
[2m2026-02-21T14:46:24.043164Z[0m [34mDEBUG[0m [2mlinuxblaster_control[0m[2m:[0m - data:   65 : [0x00, 0x5a, 0x12, 0x07, 0x01, 0x96, 0x01, 0xe0, 0x2d, 0x90, 0x3b, 0x00]
[2m2026-02-21T14:46:24.043179Z[0m [34mDEBUG[0m [2mlinuxblaster_control[0m[2m:[0m - commit: 65 : [0x00, 0x5a, 0x11, 0x03, 0x01, 0x96, 0x01, 0x00, 0x00, 0x00, 0x00, 0x00]
[2m2026-02-21T14:46:24.043184Z[0m [34mDEBUG[0m [2mlinuxblaster_control[0m[2m:[0m ===== create_payload completed =====
[2m2026-02-21T14:46:24.043397Z[0m [34mDEBUG[0m [2mlinuxblaster_control[0m[2m:[0m ===== update_feature_value =====
[2m2026-02-21T14:46:24.043407Z[0m [34mDEBUG[0m [2mlinuxblaster_control[0m[2m:[0m feature: Surround Slider
[2m2026-02-21T14:46:24.043411Z[0m [34mDEBUG[0m [2mlinuxblaster_control[0m[2m:[0m value:   Slider(0.44)
[2m2026-02-21T14:46:24.043417Z[0m [34mDEBUG[0m [2mlinuxblaster_control[0m[2m:[0m Updating Feature Value Surround Slider -> Slider(0.44)
[2m2026-02-21T14:46:24.043422Z[0m [34mDEBUG[0m [2mlinuxblaster_control[0m[2m:[0m Applying slider: Dialog+ Slider
[2m2026-02-21T14:46:24.043426Z[0m [34mDEBUG[0m [2mlinuxblaster_control[0m[2m:[0m - value: 0.41
[2m2026-02-21T14:46:24.043432Z[0m [34mDEBUG[0m [2mlinuxblaster_control[0m[2m:[0m ===== set_feature =====
[2m2026-02-21T14:46:24.043436Z[0m [34mDEBUG[0m [2mlinuxblaster_control[0m[2m:[0m feature: Dialog+
[2m2026-02-21T14:46:24.043441Z[0m [34mDEBUG[0m [2mlinuxblaster_control[0m[2m:[0m value:   Some(true)
[2m2026-02-21T14:46:24.043446Z[0m [34mDEBUG[0m [2mlinuxblaster_control[0m[2m:[0m Resolved Feature:
[2m2026-02-21T14:46:24.043450Z[0m [34mDEBUG[0m [2mlinuxblaster_control[0m[2m:[0m - id:           SBX(2)
[2m2026-02-21T14:46:24.043454Z[0m [34mDEBUG[0m [2mlinuxblaster_control[0m[2m:[0m - value:        Toggle(false)
[2m2026-02-21T14:46:24.043458Z[0m [34mDEBUG[0m [2mlinuxblaster_control[0m[2m:[0m - dependencies: Some(["SBX"])
[2m2026-02-21T14:46:24.043463Z[0m [34mDEBUG[0m [2mlinuxblaster_control[0m[2m:[0m Determined final toggle value:
[2m2026-02-21T14:46:24.043467Z[0m [34mDEBUG[0m [2mlinuxblaster_control[0m[2m:[0m - feature:    Dialog+
[2m2026-02-21T14:46:24.043471Z[0m [34mDEBUG[0m [2mlinuxblaster_control[0m[2m:[0m - final_value: true
[2m2026-02-21T14:46:24.043475Z[0m [34mDEBUG[0m [2mlinuxblaster_control[0m[2m:[0m Setting required dependencies:
[2m2026-02-21T14:46:24.043479Z[0m [34mDEBUG[0m [2mlinuxblaster_control[0m[2m:[0m - dependencies: ["SBX"]
[2m2026-02-21T14:46:24.043485Z[0m [34mDEBUG[0m [2mlinuxblaster_control[0m[2m:[0m Dependency already enabled: SBX
[2m2026-02-21T14:46:24.043490Z[0m [34mDEBUG[0m [2mlinuxblaster_control[0m[2m:[0m ===== create_payload =====
[2m2026-02-21T14:46:24.043494Z[0m [34mDEBUG[0m [2mlinuxblaster_control[0m[2m:[0m id:      SBX(2)
[2m2026-02-21T14:46:24.043497Z[0m [34mDEBUG[0m [2mlinuxblaster_control[0m[2m:[0m value:   100.0
[2m2026-02-21T14:46:24.043501Z[0m [34mDEBUG[0m [2mlinuxblaster_control[0m[2m:[0m create_payload completed: SBX(2)
[2m2026-02-21T14:46:24.043511Z[0m [34mDEBUG[0m [2mlinuxblaster_control[0m[2m:[0m - data:   65 : [0x00, 0x5a, 0x12, 0x07, 0x01, 0x96, 0x02, 0x00, 0x00, 0x80, 0x3f, 0x00]
[2m2026-02-21T14:46:24.043520Z[0m [34mDEBUG[0m [2mlinuxblaster_control[0m[2m:[0m - commit: 65 : [0x00, 0x5a, 0x11, 0x03, 0x01, 0x96, 0x02, 0x00, 0x00, 0x00, 0x00, 0x00]
[2m2026-02-21T14:46:24.043525Z[0m [34mDEBUG[0m [2mlinuxblaster_control[0m[2m:[0m ===== create_payload completed =====
[2m2026-02-21T14:46:24.043529Z[0m [34mDEBUG[0m [2mlinuxblaster_control[0m[2m:[0m Sending payload to device...
[2m2026-02-21T14:46:24.043741Z[0m [34mDEBUG[0m [2mlinuxblaster_control[0m[2m:[0m Payload sent ¯\_(ツ)_/¯
[2m2026-02-21T14:46:24.043750Z[0m [34mDEBUG[0m [2mlinuxblaster_control[0m[2m:[0m Updating feature value...
[2m2026-02-21T14:46:24.043756Z[0m [34mDEBUG[0m [2mlinuxblaster_control[0m[2m:[0m ===== update_feature_value =====
[2m2026-02-21T14:46:24.043762Z[0m [34mDEBUG[0m [2mlinuxblaster_control[0m[2m:[0m feature: Dialog+
[2m2026-02-21T14:46:24.043771Z[0m [34mDEBUG[0m [2mlinuxblaster_control[0m[2m:[0m value:   Toggle(true)
[2m2026-02-21T14:46:24.043779Z[0m [34mDEBUG[0m [2mlinuxblaster_control[0m[2m:[0m Updating Feature Value Dialog+ -> Toggle(true)
[2m2026-02-21T14:46:24.043790Z[0m [34mDEBUG[0m [2mlinuxblaster_control[0m[2m:[0m ===== set_feature completed =====
[2m2026-02-21T14:46:24.043798Z[0m [34mDEBUG[0m [2mlinuxblaster_control[0m[2m:[0m ===== create_payload =====
[2m2026-02-21T14:46:24.043804Z[0m [34mDEBUG[0m [2mlinuxblaster_control[0m[2m:[0m id:      SBX(3)
[2m2026-02-21T14:46:24.043809Z[0m [34mDEBUG[0m [2mlinuxblaster_control[0m[2m:[0m value:   0.41
[2m2026-02-21T14:46:24.043814Z[0m [34mDEBUG[0m [2mlinuxblaster_control[0m[2m:[0m create_payload completed: SBX(3)
[2m2026-02-21T14:46:24.043826Z[0m [34mDEBUG[0m [2mlinuxblaster_control[0m[2m:[0m - data:   65 : [0x00, 0x5a, 0x12, 0x07, 0x01, 0x96, 0x03, 0x4b, 0x59, 0x86, 0x3b, 0x00]
[2m2026-02-21T14:46:24.043839Z[0m [34mDEBUG[0m [2mlinuxblaster_control[0m[2m:[0m - commit: 65 : [0x00, 0x5a, 0x11, 0x03, 0x01, 0x96, 0x03, 0x00, 0x00, 0x00, 0x00, 0x00]
[2m2026-02-21T14:46:24.043848Z[0m [34mDEBUG[0m [2mlinuxblaster_control[0m[2m:[0m ===== create_payload completed =====
[2m2026-02-21T14:46:24.044083Z[0m [34mDEBUG[0m [2mlinuxblaster_control[0m[2m:[0m ===== update_feature_value =====
[2m2026-02-21T14:46:24.044109Z[0m [34mDEBUG[0m [2mlinuxblaster_control[0m[2m:[0m feature: Dialog+ Slider
[2m2026-02-21T14:46:24.044117Z[0m [34mDEBUG[0m [2mlinuxblaster_control[0m[2m:[0m value:   Slider(0.41)
[2m2026-02-21T14:46:24.044127Z[0m [34mDEBUG[0m [2mlinuxblaster_control[0m[2m:[0m Updating Feature Value Dialog+ Slider -> Slider(0.41)
[2m2026-02-21T14:46:24.044135Z[0m [34mDEBUG[0m [2mlinuxblaster_control[0m[2m:[0m Applying slider: Smart Volume Slider
[2m2026-02-21T14:46:24.044141Z[0m [34mDEBUG[0m [2mlinuxblaster_control[0m[2m:[0m - value: 0.5
[2m2026-02-21T14:46:24.044150Z[0m [34mDEBUG[0m [2mlinuxblaster_control[0m[2m:[0m ===== set_feature =====
[2m2026-02-21T14:46:24.044169Z[0m [34mDEBUG[0m [2mlinuxblaster_control[0m[2m:[0m feature: Smart Volume
[2m2026-02-21T14:46:24.044175Z[0m [34mDEBUG[0m [2mlinuxblaster_control[0m[2m:[0m value:   Some(true)
[2m2026-02-21T14:46:24.044182Z[0m [34mDEBUG[0m [2mlinuxblaster_control[0m[2m:[0m Resolved Feature:
[2m2026-02-21T14:46:24.044187Z[0m [34mDEBUG[0m [2mlinuxblaster_control[0m[2m:[0m - id:           SBX(4)
[2m2026-02-21T14:46:24.044195Z[0m [34mDEBUG[0m [2mlinuxblaster_control[0m[2m:[0m - value:        Toggle(false)
[2m2026-02-21T14:46:24.044204Z[0m [34mDEBUG[0m [2mlinuxblaster_control[0m[2m:[0m - dependencies: Some(["SBX"])
[2m2026-02-21T14:46:24.044212Z[0m [34mDEBUG[0m [2mlinuxblaster_control[0m[2m:[0m Determined final toggle value:
[2m2026-02-21T14:46:24.044219Z[0m [34mDEBUG[0m [2mlinuxblaster_control[0m[2m:[0m - feature:    Smart Volume
[2m2026-02-21T14:46:24.044226Z[0m [34mDEBUG[0m [2mlinuxblaster_control[0m[2m:[0m - final_value: true
[2m2026-02-21T14:46:24.044232Z[0m [34mDEBUG[0m [2mlinuxblaster_control[0m[2m:[0m Setting required dependencies:
[2m2026-02-21T14:46:24.044238Z[0m [34mDEBUG[0m [2mlinuxblaster_control[0m[2m:[0m - dependencies: ["SBX"]
[2m2026-02-21T14:46:24.044246Z[0m [34mDEBUG[0m [2mlinuxblaster_control[0m[2m:[0m Dependency already enabled: SBX
[2m2026-02-21T14:46:24.044252Z[0m [34mDEBUG[0m [2mlinuxblaster_control[0m[2m:[0m ===== create_payload =====
[2m2026-02-21T14:46:24.044258Z[0m [34mDEBUG[0m [2mlinuxblaster_control[0m[2m:[0m id:      SBX(4)
[2m2026-02-21T14:46:24.044263Z[0m [34mDEBUG[0m [2mlinuxblaster_control[0m[2m:[0m value:   100.0
[2m2026-02-21T14:46:24.044270Z[0m [34mDEBUG[0m [2mlinuxblaster_control[0m[2m:[0m create_payload completed: SBX(4)
[2m2026-02-21T14:46:24.044285Z[0m [34mDEBUG[0m [2mlinuxblaster_control[0m[2m:[0m - data:   65 : [0x00, 0x5a, 0x12, 0x07, 0x01, 0x96, 0x04, 0x00, 0x00, 0x80, 0x3f, 0x00]
[2m2026-02-21T14:46:24.044306Z[0m [34mDEBUG[0m [2mlinuxblaster_control[0m[2m:[0m - commit: 65 : [0x00, 0x5a, 0x11, 0x03, 0x01, 0x96, 0x04, 0x00, 0x00, 0x00, 0x00, 0x00]
[2m2026-02-21T14:46:24.044315Z[0m [34mDEBUG[0m [2mlinuxblaster_control[0m[2m:[0m ===== create_payload completed =====
[2m2026-02-21T14:46:24.044322Z[0m [34mDEBUG[0m [2mlinuxblaster_control[0m[2m:[0m Sending payload to device...
[2m2026-02-21T14:46:24.044532Z[0m [34mDEBUG[0m [2mlinuxblaster_control[0m[2m:[0m Payload sent ¯\_(ツ)_/¯
[2m2026-02-21T14:46:24.044545Z[0m [34mDEBUG[0m [2mlinuxblaster_control[0m[2m:[0m Updating feature value...
[2m2026-02-21T14:46:24.044553Z[0m [34mDEBUG[0m [2mlinuxblaster_control[0m[2m:[0m ===== update_feature_value =====
[2m2026-02-21T14:46:24.044577Z[0m [34mDEBUG[0m [2mlinuxblaster_control[0m[2m:[0m feature: Smart Volume
[2m2026-02-21T14:46:24.044583Z[0m [34mDEBUG[0m [2mlinuxblaster_control[0m[2m:[0m value:   Toggle(true)
[2m2026-02-21T14:46:24.044593Z[0m [34mDEBUG[0m [2mlinuxblaster_control[0m[2m:[0m Updating Feature Value Smart Volume -> Toggle(true)
[2m2026-02-21T14:46:24.044602Z[0m [34mDEBUG[0m [2mlinuxblaster_control[0m[2m:[0m ===== set_feature completed =====
[2m2026-02-21T14:46:24.044610Z[0m [34mDEBUG[0m [2mlinuxblaster_control[0m[2m:[0m ===== create_payload =====
[2m2026-02-21T14:46:24.044617Z[0m [34mDEBUG[0m [2mlinuxblaster_control[0m[2m:[0m id:      SBX(5)
[2m2026-02-21T14:46:24.044622Z[0m [34mDEBUG[0m [2mlinuxblaster_control[0m[2m:[0m value:   0.5
[2m2026-02-21T14:46:24.044628Z[0m [34mDEBUG[0m [2mlinuxblaster_control[0m[2m:[0m create_payload completed: SBX(5)
[2m2026-02-21T14:46:24.044644Z[0m [34mDEBUG[0m [2mlinuxblaster_control[0m[2m:[0m - data:   65 : [0x00, 0x5a, 0x12, 0x07, 0x01, 0x96, 0x05, 0x0a, 0xd7, 0xa3, 0x3b, 0x00]
[2m2026-02-21T14:46:24.044674Z[0m [34mDEBUG[0m [2mlinuxblaster_control[0m[2m:[0m - commit: 65 : [0x00, 0x5a, 0x11, 0x03, 0x01, 0x96, 0x05, 0x00, 0x00, 0x00, 0x00, 0x00]
[2m2026-02-21T14:46:24.044684Z[0m [34mDEBUG[0m [2mlinuxblaster_control[0m[2m:[0m ===== create_payload completed =====
[2m2026-02-21T14:46:24.048913Z[0m [34mDEBUG[0m [2mlinuxblaster_control[0m[2m:[0m ===== update_feature_value =====
[2m2026-02-21T14:46:24.048950Z[0m [34mDEBUG[0m [2mlinuxblaster_control[0m[2m:[0m feature: Smart Volume Slider
[2m2026-02-21T14:46:24.048960Z[0m [34mDEBUG[0m [2mlinuxblaster_control[0m[2m:[0m value:   Slider(0.5)
[2m2026-02-21T14:46:24.048969Z[0m [34mDEBUG[0m [2mlinuxblaster_control[0m[2m:[0m Updating Feature Value Smart Volume Slider -> Slider(0.5)
[2m2026-02-21T14:46:24.048977Z[0m [34mDEBUG[0m [2mlinuxblaster_control[0m[2m:[0m Applying slider: Smart Volume Special
[2m2026-02-21T14:46:24.048983Z[0m [34mDEBUG[0m [2mlinuxblaster_control[0m[2m:[0m - value: 1
[2m2026-02-21T14:46:24.048994Z[0m [34mDEBUG[0m [2mlinuxblaster_control[0m[2m:[0m ===== create_payload =====
[2m2026-02-21T14:46:24.049000Z[0m [34mDEBUG[0m [2mlinuxblaster_control[0m[2m:[0m id:      SBX(6)
[2m2026-02-21T14:46:24.049007Z[0m [34mDEBUG[0m [2mlinuxblaster_control[0m[2m:[0m value:   1.0
[2m2026-02-21T14:46:24.049014Z[0m [34mDEBUG[0m [2mlinuxblaster_control[0m[2m:[0m create_payload completed: SBX(6)
[2m2026-02-21T14:46:24.049033Z[0m [34mDEBUG[0m [2mlinuxblaster_control[0m[2m:[0m - data:   65 : [0x00, 0x5a, 0x12, 0x07, 0x01, 0x96, 0x06, 0x0a, 0xd7, 0x23, 0x3c, 0x00]
[2m2026-02-21T14:46:24.049049Z[0m [34mDEBUG[0m [2mlinuxblaster_control[0m[2m:[0m - commit: 65 : [0x00, 0x5a, 0x11, 0x03, 0x01, 0x96, 0x06, 0x00, 0x00, 0x00, 0x00, 0x00]
[2m2026-02-21T14:46:24.049058Z[0m [34mDEBUG[0m [2mlinuxblaster_control[0m[2m:[0m ===== create_payload completed =====
[2m2026-02-21T14:46:24.049261Z[0m [34mDEBUG[0m [2mlinuxblaster_control[0m[2m:[0m ===== update_feature_value =====
[2m2026-02-21T14:46:24.049272Z[0m [34mDEBUG[0m [2mlinuxblaster_control[0m[2m:[0m feature: Smart Volume Special
[2m2026-02-21T14:46:24.049287Z[0m [34mDEBUG[0m [2mlinuxblaster_control[0m[2m:[0m value:   Slider(1.0)
[2m2026-02-21T14:46:24.049296Z[0m [34mDEBUG[0m [2mlinuxblaster_control[0m[2m:[0m Updating Feature Value Smart Volume Special -> Slider(1.0)
[2m2026-02-21T14:46:24.049304Z[0m [34mDEBUG[0m [2mlinuxblaster_control[0m[2m:[0m Applying slider: Crystalizer Slider
[2m2026-02-21T14:46:24.049310Z[0m [34mDEBUG[0m [2mlinuxblaster_control[0m[2m:[0m - value: 0.38
[2m2026-02-21T14:46:24.049320Z[0m [34mDEBUG[0m [2mlinuxblaster_control[0m[2m:[0m ===== set_feature =====
[2m2026-02-21T14:46:24.049327Z[0m [34mDEBUG[0m [2mlinuxblaster_control[0m[2m:[0m feature: Crystalizer
[2m2026-02-21T14:46:24.049333Z[0m [34mDEBUG[0m [2mlinuxblaster_control[0m[2m:[0m value:   Some(true)
[2m2026-02-21T14:46:24.049341Z[0m [34mDEBUG[0m [2mlinuxblaster_control[0m[2m:[0m Resolved Feature:
[2m2026-02-21T14:46:24.049346Z[0m [34mDEBUG[0m [2mlinuxblaster_control[0m[2m:[0m - id:           SBX(7)
[2m2026-02-21T14:46:24.049352Z[0m [34mDEBUG[0m [2mlinuxblaster_control[0m[2m:[0m - value:        Toggle(false)
[2m2026-02-21T14:46:24.049359Z[0m [34mDEBUG[0m [2mlinuxblaster_control[0m[2m:[0m - dependencies: Some(["SBX"])
[2m2026-02-21T14:46:24.049369Z[0m [34mDEBUG[0m [2mlinuxblaster_control[0m[2m:[0m Determined final toggle value:
[2m2026-02-21T14:46:24.049375Z[0m [34mDEBUG[0m [2mlinuxblaster_control[0m[2m:[0m - feature:    Crystalizer
[2m2026-02-21T14:46:24.049381Z[0m [34mDEBUG[0m [2mlinuxblaster_control[0m[2m:[0m - final_value: true
[2m2026-02-21T14:46:24.049388Z[0m [34mDEBUG[0m [2mlinuxblaster_control[0m[2m:[0m Setting required dependencies:
[2m2026-02-21T14:46:24.049395Z[0m [34mDEBUG[0m [2mlinuxblaster_control[0m[2m:[0m - dependencies: ["SBX"]
[2m2026-02-21T14:46:24.049414Z[0m [34mDEBUG[0m [2mlinuxblaster_control[0m[2m:[0m Dependency already enabled: SBX
[2m2026-02-21T14:46:24.049424Z[0m [34mDEBUG[0m [2mlinuxblaster_control[0m[2m:[0m ===== create_payload =====
[2m2026-02-21T14:46:24.049431Z[0m [34mDEBUG[0m [2mlinuxblaster_control[0m[2m:[0m id:      SBX(7)
[2m2026-02-21T14:46:24.049436Z[0m [34mDEBUG[0m [2mlinuxblaster_control[0m[2m:[0m value:   100.0
[2m2026-02-21T14:46:24.049442Z[0m [34mDEBUG[0m [2mlinuxblaster_control[0m[2m:[0m create_payload completed: SBX(7)
[2m2026-02-21T14:46:24.049455Z[0m [34mDEBUG[0m [2mlinuxblaster_control[0m[2m:[0m - data:   65 : [0x00, 0x5a, 0x12, 0x07, 0x01, 0x96, 0x07, 0x00, 0x00, 0x80, 0x3f, 0x00]
[2m2026-02-21T14:46:24.049468Z[0m [34mDEBUG[0m [2mlinuxblaster_control[0m[2m:[0m - commit: 65 : [0x00, 0x5a, 0x11, 0x03, 0x01, 0x96, 0x07, 0x00, 0x00, 0x00, 0x00, 0x00]
[2m2026-02-21T14:46:24.049477Z[0m [34mDEBUG[0m [2mlinuxblaster_control[0m[2m:[0m ===== create_payload completed =====
[2m2026-02-21T14:46:24.049483Z[0m [34mDEBUG[0m [2mlinuxblaster_control[0m[2m:[0m Sending payload to device...
[2m2026-02-21T14:46:24.049670Z[0m [34mDEBUG[0m [2mlinuxblaster_control[0m[2m:[0m Payload sent ¯\_(ツ)_/¯
[2m2026-02-21T14:46:24.049680Z[0m [34mDEBUG[0m [2mlinuxblaster_control[0m[2m:[0m Updating feature value...
[2m2026-02-21T14:46:24.049687Z[0m [34mDEBUG[0m [2mlinuxblaster_control[0m[2m:[0m ===== update_feature_value =====
[2m2026-02-21T14:46:24.049694Z[0m [34mDEBUG[0m [2mlinuxblaster_control[0m[2m:[0m feature: Crystalizer
[2m2026-02-21T14:46:24.049700Z[0m [34mDEBUG[0m [2mlinuxblaster_control[0m[2m:[0m value:   Toggle(true)
[2m2026-02-21T14:46:24.049709Z[0m [34mDEBUG[0m [2mlinuxblaster_control[0m[2m:[0m Updating Feature Value Crystalizer -> Toggle(true)
[2m2026-02-21T14:46:24.049717Z[0m [34mDEBUG[0m [2mlinuxblaster_control[0m[2m:[0m ===== set_feature completed =====
[2m2026-02-21T14:46:24.049724Z[0m [34mDEBUG[0m [2mlinuxblaster_control[0m[2m:[0m ===== create_payload =====
[2m2026-02-21T14:46:24.049730Z[0m [34mDEBUG[0m [2mlinuxblaster_control[0m[2m:[0m id:      SBX(8)
[2m2026-02-21T14:46:24.049739Z[0m [34mDEBUG[0m [2mlinuxblaster_control[0m[2m:[0m value:   0.38
[2m2026-02-21T14:46:24.049745Z[0m [34mDEBUG[0m [2mlinuxblaster_control[0m[2m:[0m create_payload completed: SBX(8)
[2m2026-02-21T14:46:24.049757Z[0m [34mDEBUG[0m [2mlinuxblaster_control[0m[2m:[0m - data:   65 : [0x00, 0x5a, 0x12, 0x07, 0x01, 0x96, 0x08, 0x6c, 0x09, 0x79, 0x3b, 0x00]
[2m2026-02-21T14:46:24.049771Z[0m [34mDEBUG[0m [2mlinuxblaster_control[0m[2m:[0m - commit: 65 : [0x00, 0x5a, 0x11, 0x03, 0x01, 0x96, 0x08, 0x00, 0x00, 0x00, 0x00, 0x00]
[2m2026-02-21T14:46:24.049779Z[0m [34mDEBUG[0m [2mlinuxblaster_control[0m[2m:[0m ===== create_payload completed =====
[2m2026-02-21T14:46:24.050025Z[0m [34mDEBUG[0m [2mlinuxblaster_control[0m[2m:[0m ===== update_feature_value =====
[2m2026-02-21T14:46:24.050040Z[0m [34mDEBUG[0m [2mlinuxblaster_control[0m[2m:[0m feature: Crystalizer Slider
[2m2026-02-21T14:46:24.050047Z[0m [34mDEBUG[0m [2mlinuxblaster_control[0m[2m:[0m value:   Slider(0.38)
[2m2026-02-21T14:46:24.050057Z[0m [34mDEBUG[0m [2mlinuxblaster_control[0m[2m:[0m Updating Feature Value Crystalizer Slider -> Slider(0.38)
[2m2026-02-21T14:46:24.050066Z[0m [34mDEBUG[0m [2mlinuxblaster_control[0m[2m:[0m Applying toggle: Equalizer
[2m2026-02-21T14:46:24.050073Z[0m [34mDEBUG[0m [2mlinuxblaster_control[0m[2m:[0m - value: true
[2m2026-02-21T14:46:24.050079Z[0m [34mDEBUG[0m [2mlinuxblaster_control[0m[2m:[0m ===== set_feature =====
[2m2026-02-21T14:46:24.050086Z[0m [34mDEBUG[0m [2mlinuxblaster_control[0m[2m:[0m feature: Equalizer
[2m2026-02-21T14:46:24.050093Z[0m [34mDEBUG[0m [2mlinuxblaster_control[0m[2m:[0m value:   Some(true)
[2m2026-02-21T14:46:24.050101Z[0m [34mDEBUG[0m [2mlinuxblaster_control[0m[2m:[0m Resolved Feature:
[2m2026-02-21T14:46:24.050107Z[0m [34mDEBUG[0m [2mlinuxblaster_control[0m[2m:[0m - id:           SBX(9)
[2m2026-02-21T14:46:24.050112Z[0m [34mDEBUG[0m [2mlinuxblaster_control[0m[2m:[0m - value:        Toggle(false)
[2m2026-02-21T14:46:24.050119Z[0m [34mDEBUG[0m [2mlinuxblaster_control[0m[2m:[0m - dependencies: Some(["SBX"])
[2m2026-02-21T14:46:24.050126Z[0m [34mDEBUG[0m [2mlinuxblaster_control[0m[2m:[0m Determined final toggle value:
[2m2026-02-21T14:46:24.050134Z[0m [34mDEBUG[0m [2mlinuxblaster_control[0m[2m:[0m - feature:    Equalizer
[2m2026-02-21T14:46:24.050141Z[0m [34mDEBUG[0m [2mlinuxblaster_control[0m[2m:[0m - final_value: true
[2m2026-02-21T14:46:24.050148Z[0m [34mDEBUG[0m [2mlinuxblaster_control[0m[2m:[0m Setting required dependencies:
[2m2026-02-21T14:46:24.050165Z[0m [34mDEBUG[0m [2mlinuxblaster_control[0m[2m:[0m - dependencies: ["SBX"]
[2m2026-02-21T14:46:24.050174Z[0m [34mDEBUG[0m [2mlinuxblaster_control[0m[2m:[0m Dependency already enabled: SBX
[2m2026-02-21T14:46:24.050181Z[0m [34mDEBUG[0m [2mlinuxblaster_control[0m[2m:[0m ===== create_payload =====
[2m2026-02-21T14:46:24.050187Z[0m [34mDEBUG[0m [2mlinuxblaster_control[0m[2m:[0m id:      SBX(9)
[2m2026-02-21T14:46:24.050193Z[0m [34mDEBUG[0m [2mlinuxblaster_control[0m[2m:[0m value:   100.0
[2m2026-02-21T14:46:24.050199Z[0m [34mDEBUG[0m [2mlinuxblaster_control[0m[2m:[0m create_payload completed: SBX(9)
[2m2026-02-21T14:46:24.050214Z[0m [34mDEBUG[0m [2mlinuxblaster_control[0m[2m:[0m - data:   65 : [0x00, 0x5a, 0x12, 0x07, 0x01, 0x96, 0x09, 0x00, 0x00, 0x80, 0x3f, 0x00]
[2m2026-02-21T14:46:24.050228Z[0m [34mDEBUG[0m [2mlinuxblaster_control[0m[2m:[0m - commit: 65 : [0x00, 0x5a, 0x11, 0x03, 0x01, 0x96, 0x09, 0x00, 0x00, 0x00, 0x00, 0x00]
[2m2026-02-21T14:46:24.050236Z[0m [34mDEBUG[0m [2mlinuxblaster_control[0m[2m:[0m ===== create_payload completed =====
[2m2026-02-21T14:46:24.050242Z[0m [34mDEBUG[0m [2mlinuxblaster_control[0m[2m:[0m Sending payload to device...
[2m2026-02-21T14:46:24.050429Z[0m [34mDEBUG[0m [2mlinuxblaster_control[0m[2m:[0m Payload sent ¯\_(ツ)_/¯
[2m2026-02-21T14:46:24.050446Z[0m [34mDEBUG[0m [2mlinuxblaster_control[0m[2m:[0m Updating feature value...
[2m2026-02-21T14:46:24.050453Z[0m [34mDEBUG[0m [2mlinuxblaster_control[0m[2m:[0m ===== update_feature_value =====
[2m2026-02-21T14:46:24.050459Z[0m [34mDEBUG[0m [2mlinuxblaster_control[0m[2m:[0m feature: Equalizer
[2m2026-02-21T14:46:24.050465Z[0m [34mDEBUG[0m [2mlinuxblaster_control[0m[2m:[0m value:   Toggle(true)
[2m2026-02-21T14:46:24.050473Z[0m [34mDEBUG[0m [2mlinuxblaster_control[0m[2m:[0m Updating Feature Value Equalizer -> Toggle(true)
[2m2026-02-21T14:46:24.050482Z[0m [34mDEBUG[0m [2mlinuxblaster_control[0m[2m:[0m ===== set_feature completed =====
[2m2026-02-21T14:46:24.050488Z[0m [34mDEBUG[0m [2mlinuxblaster_control[0m[2m:[0m Applying slider: EQ 31Hz
[2m2026-02-21T14:46:24.050493Z[0m [34mDEBUG[0m [2mlinuxblaster_control[0m[2m:[0m - value: 4
[2m2026-02-21T14:46:24.050504Z[0m [34mDEBUG[0m [2mlinuxblaster_control[0m[2m:[0m ===== create_payload =====
[2m2026-02-21T14:46:24.050510Z[0m [34mDEBUG[0m [2mlinuxblaster_control[0m[2m:[0m id:      SBX(11)
[2m2026-02-21T14:46:24.050515Z[0m [34mDEBUG[0m [2mlinuxblaster_control[0m[2m:[0m value:   4.0
[2m2026-02-21T14:46:24.050521Z[0m [34mDEBUG[0m [2mlinuxblaster_control[0m[2m:[0m create_payload completed: SBX(11)
[2m2026-02-21T14:46:24.050555Z[0m [34mDEBUG[0m [2mlinuxblaster_control[0m[2m:[0m - data:   65 : [0x00, 0x5a, 0x12, 0x07, 0x01, 0x96, 0x0b, 0x00, 0x00, 0x80, 0x40, 0x00]
[2m2026-02-21T14:46:24.050570Z[0m [34mDEBUG[0m [2mlinuxblaster_control[0m[2m:[0m - commit: 65 : [0x00, 0x5a, 0x11, 0x03, 0x01, 0x96, 0x0b, 0x00, 0x00, 0x00, 0x00, 0x00]
[2m2026-02-21T14:46:24.050578Z[0m [34mDEBUG[0m [2mlinuxblaster_control[0m[2m:[0m ===== create_payload completed =====
[2m2026-02-21T14:46:24.050816Z[0m [34mDEBUG[0m [2mlinuxblaster_control[0m[2m:[0m ===== update_feature_value =====
[2m2026-02-21T14:46:24.050829Z[0m [34mDEBUG[0m [2mlinuxblaster_control[0m[2m:[0m feature: EQ 31Hz
[2m2026-02-21T14:46:24.050835Z[0m [34mDEBUG[0m [2mlinuxblaster_control[0m[2m:[0m value:   Slider(4.0)
[2m2026-02-21T14:46:24.050842Z[0m [34mDEBUG[0m [2mlinuxblaster_control[0m[2m:[0m Updating Feature Value EQ 31Hz -> Slider(4.0)
[2m2026-02-21T14:46:24.050849Z[0m [34mDEBUG[0m [2mlinuxblaster_control[0m[2m:[0m Applying slider: EQ 62Hz
[2m2026-02-21T14:46:24.050855Z[0m [34mDEBUG[0m [2mlinuxblaster_control[0m[2m:[0m - value: 2
[2m2026-02-21T14:46:24.050864Z[0m [34mDEBUG[0m [2mlinuxblaster_control[0m[2m:[0m ===== create_payload =====
[2m2026-02-21T14:46:24.050869Z[0m [34mDEBUG[0m [2mlinuxblaster_control[0m[2m:[0m id:      SBX(12)
[2m2026-02-21T14:46:24.050875Z[0m [34mDEBUG[0m [2mlinuxblaster_control[0m[2m:[0m value:   2.0
[2m2026-02-21T14:46:24.050881Z[0m [34mDEBUG[0m [2mlinuxblaster_control[0m[2m:[0m create_payload completed: SBX(12)
[2m2026-02-21T14:46:24.050894Z[0m [34mDEBUG[0m [2mlinuxblaster_control[0m[2m:[0m - data:   65 : [0x00, 0x5a, 0x12, 0x07, 0x01, 0x96, 0x0c, 0x00, 0x00, 0x00, 0x40, 0x00]
[2m2026-02-21T14:46:24.050929Z[0m [34mDEBUG[0m [2mlinuxblaster_control[0m[2m:[0m - commit: 65 : [0x00, 0x5a, 0x11, 0x03, 0x01, 0x96, 0x0c, 0x00, 0x00, 0x00, 0x00, 0x00]
[2m2026-02-21T14:46:24.050938Z[0m [34mDEBUG[0m [2mlinuxblaster_control[0m[2m:[0m ===== create_payload completed =====
[2m2026-02-21T14:46:24.051128Z[0m [34mDEBUG[0m [2mlinuxblaster_control[0m[2m:[0m ===== update_feature_value =====
[2m2026-02-21T14:46:24.051140Z[0m [34mDEBUG[0m [2mlinuxblaster_control[0m[2m:[0m feature: EQ 62Hz
[2m2026-02-21T14:46:24.051147Z[0m [34mDEBUG[0m [2mlinuxblaster_control[0m[2m:[0m value:   Slider(2.0)
[2m2026-02-21T14:46:24.051156Z[0m [34mDEBUG[0m [2mlinuxblaster_control[0m[2m:[0m Updating Feature Value EQ 62Hz -> Slider(2.0)
[2m2026-02-21T14:46:24.051174Z[0m [34mDEBUG[0m [2mlinuxblaster_control[0m[2m:[0m Applying slider: EQ 125Hz
[2m2026-02-21T14:46:24.051180Z[0m [34mDEBUG[0m [2mlinuxblaster_control[0m[2m:[0m - value: -2
[2m2026-02-21T14:46:24.051197Z[0m [34mDEBUG[0m [2mlinuxblaster_control[0m[2m:[0m ===== create_payload =====
[2m2026-02-21T14:46:24.051204Z[0m [34mDEBUG[0m [2mlinuxblaster_control[0m[2m:[0m id:      SBX(13)
[2m2026-02-21T14:46:24.051210Z[0m [34mDEBUG[0m [2mlinuxblaster_control[0m[2m:[0m value:   -2.0
[2m2026-02-21T14:46:24.051217Z[0m [34mDEBUG[0m [2mlinuxblaster_control[0m[2m:[0m create_payload completed: SBX(13)
[2m2026-02-21T14:46:24.051232Z[0m [34mDEBUG[0m [2mlinuxblaster_control[0m[2m:[0m - data:   65 : [0x00, 0x5a, 0x12, 0x07, 0x01, 0x96, 0x0d, 0x00, 0x00, 0x00, 0xc0, 0x00]
[2m2026-02-21T14:46:24.051248Z[0m [34mDEBUG[0m [2mlinuxblaster_control[0m[2m:[0m - commit: 65 : [0x00, 0x5a, 0x11, 0x03, 0x01, 0x96, 0x0d, 0x00, 0x00, 0x00, 0x00, 0x00]
[2m2026-02-21T14:46:24.051257Z[0m [34mDEBUG[0m [2mlinuxblaster_control[0m[2m:[0m ===== create_payload completed =====
[2m2026-02-21T14:46:24.051449Z[0m [34mDEBUG[0m [2mlinuxblaster_control[0m[2m:[0m ===== update_feature_value =====
[2m2026-02-21T14:46:24.051459Z[0m [34mDEBUG[0m [2mlinuxblaster_control[0m[2m:[0m feature: EQ 125Hz
[2m2026-02-21T14:46:24.051464Z[0m [34mDEBUG[0m [2mlinuxblaster_control[0m[2m:[0m value:   Slider(-2.0)
[2m2026-02-21T14:46:24.051472Z[0m [34mDEBUG[0m [2mlinuxblaster_control[0m[2m:[0m Updating Feature Value EQ 125Hz -> Slider(-2.0)
[2m2026-02-21T14:46:24.051479Z[0m [34mDEBUG[0m [2mlinuxblaster_control[0m[2m:[0m Applying slider: EQ 500Hz
[2m2026-02-21T14:46:24.051484Z[0m [34mDEBUG[0m [2mlinuxblaster_control[0m[2m:[0m - value: 2
[2m2026-02-21T14:46:24.051493Z[0m [34mDEBUG[0m [2mlinuxblaster_control[0m[2m:[0m ===== create_payload =====
[2m2026-02-21T14:46:24.051499Z[0m [34mDEBUG[0m [2mlinuxblaster_control[0m[2m:[0m id:      SBX(15)
[2m2026-02-21T14:46:24.051504Z[0m [34mDEBUG[0m [2mlinuxblaster_control[0m[2m:[0m value:   2.0
[2m2026-02-21T14:46:24.051511Z[0m [34mDEBUG[0m [2mlinuxblaster_control[0m[2m:[0m create_payload completed: SBX(15)
[2m2026-02-21T14:46:24.051525Z[0m [34mDEBUG[0m [2mlinuxblaster_control[0m[2m:[0m - data:   65 : [0x00, 0x5a, 0x12, 0x07, 0x01, 0x96, 0x0f, 0x00, 0x00, 0x00, 0x40, 0x00]
[2m2026-02-21T14:46:24.051554Z[0m [34mDEBUG[0m [2mlinuxblaster_control[0m[2m:[0m - commit: 65 : [0x00, 0x5a, 0x11, 0x03, 0x01, 0x96, 0x0f, 0x00, 0x00, 0x00, 0x00, 0x00]
[2m2026-02-21T14:46:24.051563Z[0m [34mDEBUG[0m [2mlinuxblaster_control[0m[2m:[0m ===== create_payload completed =====
[2m2026-02-21T14:46:24.051762Z[0m [34mDEBUG[0m [2mlinuxblaster_control[0m[2m:[0m ===== update_feature_value =====
[2m2026-02-21T14:46:24.051773Z[0m [34mDEBUG[0m [2mlinuxblaster_control[0m[2m:[0m feature: EQ 500Hz
[2m2026-02-21T14:46:24.051779Z[0m [34mDEBUG[0m [2mlinuxblaster_control[0m[2m:[0m value:   Slider(2.0)
[2m2026-02-21T14:46:24.051787Z[0m [34mDEBUG[0m [2mlinuxblaster_control[0m[2m:[0m Updating Feature Value EQ 500Hz -> Slider(2.0)
[2m2026-02-21T14:46:24.051795Z[0m [34mDEBUG[0m [2mlinuxblaster_control[0m[2m:[0m Applying slider: EQ 1kHz
[2m2026-02-21T14:46:24.051800Z[0m [34mDEBUG[0m [2mlinuxblaster_control[0m[2m:[0m - value: 4
[2m2026-02-21T14:46:24.051809Z[0m [34mDEBUG[0m [2mlinuxblaster_control[0m[2m:[0m ===== create_payload =====
[2m2026-02-21T14:46:24.051815Z[0m [34mDEBUG[0m [2mlinuxblaster_control[0m[2m:[0m id:      SBX(16)
[2m2026-02-21T14:46:24.051822Z[0m [34mDEBUG[0m [2mlinuxblaster_control[0m[2m:[0m value:   4.0
[2m2026-02-21T14:46:24.051829Z[0m [34mDEBUG[0m [2mlinuxblaster_control[0m[2m:[0m create_payload completed: SBX(16)
[2m2026-02-21T14:46:24.051842Z[0m [34mDEBUG[0m [2mlinuxblaster_control[0m[2m:[0m - data:   65 : [0x00, 0x5a, 0x12, 0x07, 0x01, 0x96, 0x10, 0x00, 0x00, 0x80, 0x40, 0x00]
[2m2026-02-21T14:46:24.051855Z[0m [34mDEBUG[0m [2mlinuxblaster_control[0m[2m:[0m - commit: 65 : [0x00, 0x5a, 0x11, 0x03, 0x01, 0x96, 0x10, 0x00, 0x00, 0x00, 0x00, 0x00]
[2m2026-02-21T14:46:24.051867Z[0m [34mDEBUG[0m [2mlinuxblaster_control[0m[2m:[0m ===== create_payload completed =====
[2m2026-02-21T14:46:24.052055Z[0m [34mDEBUG[0m [2mlinuxblaster_control[0m[2m:[0m ===== update_feature_value =====
[2m2026-02-21T14:46:24.052066Z[0m [34mDEBUG[0m [2mlinuxblaster_control[0m[2m:[0m feature: EQ 1kHz
[2m2026-02-21T14:46:24.052073Z[0m [34mDEBUG[0m [2mlinuxblaster_control[0m[2m:[0m value:   Slider(4.0)
[2m2026-02-21T14:46:24.052081Z[0m [34mDEBUG[0m [2mlinuxblaster_control[0m[2m:[0m Updating Feature Value EQ 1kHz -> Slider(4.0)
[2m2026-02-21T14:46:24.052088Z[0m [34mDEBUG[0m [2mlinuxblaster_control[0m[2m:[0m Applying slider: EQ 2kHz
[2m2026-02-21T14:46:24.052093Z[0m [34mDEBUG[0m [2mlinuxblaster_control[0m[2m:[0m - value: 6
[2m2026-02-21T14:46:24.052102Z[0m [34mDEBUG[0m [2mlinuxblaster_control[0m[2m:[0m ===== create_payload =====
[2m2026-02-21T14:46:24.052108Z[0m [34mDEBUG[0m [2mlinuxblaster_control[0m[2m:[0m id:      SBX(17)
[2m2026-02-21T14:46:24.052114Z[0m [34mDEBUG[0m [2mlinuxblaster_control[0m[2m:[0m value:   6.0
[2m2026-02-21T14:46:24.052121Z[0m [34mDEBUG[0m [2mlinuxblaster_control[0m[2m:[0m create_payload completed: SBX(17)
[2m2026-02-21T14:46:24.052133Z[0m [34mDEBUG[0m [2mlinuxblaster_control[0m[2m:[0m - data:   65 : [0x00, 0x5a, 0x12, 0x07, 0x01, 0x96, 0x11, 0x00, 0x00, 0xc0, 0x40, 0x00]
[2m2026-02-21T14:46:24.052146Z[0m [34mDEBUG[0m [2mlinuxblaster_control[0m[2m:[0m - commit: 65 : [0x00, 0x5a, 0x11, 0x03, 0x01, 0x96, 0x11, 0x00, 0x00, 0x00, 0x00, 0x00]
[2m2026-02-21T14:46:24.052164Z[0m [34mDEBUG[0m [2mlinuxblaster_control[0m[2m:[0m ===== create_payload completed =====
[2m2026-02-21T14:46:24.052362Z[0m [34mDEBUG[0m [2mlinuxblaster_control[0m[2m:[0m ===== update_feature_value =====
[2m2026-02-21T14:46:24.052374Z[0m [34mDEBUG[0m [2mlinuxblaster_control[0m[2m:[0m feature: EQ 2kHz
[2m2026-02-21T14:46:24.052380Z[0m [34mDEBUG[0m [2mlinuxblaster_control[0m[2m:[0m value:   Slider(6.0)
[2m2026-02-21T14:46:24.052388Z[0m [34mDEBUG[0m [2mlinuxblaster_control[0m[2m:[0m Updating Feature Value EQ 2kHz -> Slider(6.0)
[2m2026-02-21T14:46:24.052395Z[0m [34mDEBUG[0m [2mlinuxblaster_control[0m[2m:[0m Applying slider: EQ 4kHz
[2m2026-02-21T14:46:24.052401Z[0m [34mDEBUG[0m [2mlinuxblaster_control[0m[2m:[0m - value: 8
[2m2026-02-21T14:46:24.052423Z[0m [34mDEBUG[0m [2mlinuxblaster_control[0m[2m:[0m ===== create_payload =====
[2m2026-02-21T14:46:24.052430Z[0m [34mDEBUG[0m [2mlinuxblaster_control[0m[2m:[0m id:      SBX(18)
[2m2026-02-21T14:46:24.052436Z[0m [34mDEBUG[0m [2mlinuxblaster_control[0m[2m:[0m value:   8.0
[2m2026-02-21T14:46:24.052441Z[0m [34mDEBUG[0m [2mlinuxblaster_control[0m[2m:[0m create_payload completed: SBX(18)
[2m2026-02-21T14:46:24.052456Z[0m [34mDEBUG[0m [2mlinuxblaster_control[0m[2m:[0m - data:   65 : [0x00, 0x5a, 0x12, 0x07, 0x01, 0x96, 0x12, 0x00, 0x00, 0x00, 0x41, 0x00]
[2m2026-02-21T14:46:24.052468Z[0m [34mDEBUG[0m [2mlinuxblaster_control[0m[2m:[0m - commit: 65 : [0x00, 0x5a, 0x11, 0x03, 0x01, 0x96, 0x12, 0x00, 0x00, 0x00, 0x00, 0x00]
[2m2026-02-21T14:46:24.052477Z[0m [34mDEBUG[0m [2mlinuxblaster_control[0m[2m:[0m ===== create_payload completed =====
[2m2026-02-21T14:46:24.052670Z[0m [34mDEBUG[0m [2mlinuxblaster_control[0m[2m:[0m ===== update_feature_value =====
[2m2026-02-21T14:46:24.052681Z[0m [34mDEBUG[0m [2mlinuxblaster_control[0m[2m:[0m feature: EQ 4kHz
[2m2026-02-21T14:46:24.052687Z[0m [34mDEBUG[0m [2mlinuxblaster_control[0m[2m:[0m value:   Slider(8.0)
[2m2026-02-21T14:46:24.052696Z[0m [34mDEBUG[0m [2mlinuxblaster_control[0m[2m:[0m Updating Feature Value EQ 4kHz -> Slider(8.0)
[2m2026-02-21T14:46:24.052704Z[0m [34mDEBUG[0m [2mlinuxblaster_control[0m[2m:[0m Applying slider: EQ 8kHz
[2m2026-02-21T14:46:24.052709Z[0m [34mDEBUG[0m [2mlinuxblaster_control[0m[2m:[0m - value: 6
[2m2026-02-21T14:46:24.052719Z[0m [34mDEBUG[0m [2mlinuxblaster_control[0m[2m:[0m ===== create_payload =====
[2m2026-02-21T14:46:24.052730Z[0m [34mDEBUG[0m [2mlinuxblaster_control[0m[2m:[0m id:      SBX(19)
[2m2026-02-21T14:46:24.052736Z[0m [34mDEBUG[0m [2mlinuxblaster_control[0m[2m:[0m value:   6.0
[2m2026-02-21T14:46:24.052742Z[0m [34mDEBUG[0m [2mlinuxblaster_control[0m[2m:[0m create_payload completed: SBX(19)
[2m2026-02-21T14:46:24.052755Z[0m [34mDEBUG[0m [2mlinuxblaster_control[0m[2m:[0m - data:   65 : [0x00, 0x5a, 0x12, 0x07, 0x01, 0x96, 0x13, 0x00, 0x00, 0xc0, 0x40, 0x00]
[2m2026-02-21T14:46:24.052767Z[0m [34mDEBUG[0m [2mlinuxblaster_control[0m[2m:[0m - commit: 65 : [0x00, 0x5a, 0x11, 0x03, 0x01, 0x96, 0x13, 0x00, 0x00, 0x00, 0x00, 0x00]
[2m2026-02-21T14:46:24.052776Z[0m [34mDEBUG[0m [2mlinuxblaster_control[0m[2m:[0m ===== create_payload completed =====
[2m2026-02-21T14:46:24.052982Z[0m [34mDEBUG[0m [2mlinuxblaster_control[0m[2m:[0m ===== update_feature_value =====
[2m2026-02-21T14:46:24.052995Z[0m [34mDEBUG[0m [2mlinuxblaster_control[0m[2m:[0m feature: EQ 8kHz
[2m2026-02-21T14:46:24.053000Z[0m [34mDEBUG[0m [2mlinuxblaster_control[0m[2m:[0m value:   Slider(6.0)
[2m2026-02-21T14:46:24.053008Z[0m [34mDEBUG[0m [2mlinuxblaster_control[0m[2m:[0m Updating Feature Value EQ 8kHz -> Slider(6.0)
[2m2026-02-21T14:46:24.053015Z[0m [34mDEBUG[0m [2mlinuxblaster_control[0m[2m:[0m Applying slider: EQ 16kHz
[2m2026-02-21T14:46:24.053020Z[0m [34mDEBUG[0m [2mlinuxblaster_control[0m[2m:[0m - value: 4
[2m2026-02-21T14:46:24.053030Z[0m [34mDEBUG[0m [2mlinuxblaster_control[0m[2m:[0m ===== create_payload =====
[2m2026-02-21T14:46:24.053035Z[0m [34mDEBUG[0m [2mlinuxblaster_control[0m[2m:[0m id:      SBX(20)
[2m2026-02-21T14:46:24.053041Z[0m [34mDEBUG[0m [2mlinuxblaster_control[0m[2m:[0m value:   4.0
[2m2026-02-21T14:46:24.053047Z[0m [34mDEBUG[0m [2mlinuxblaster_control[0m[2m:[0m create_payload completed: SBX(20)
[2m2026-02-21T14:46:24.053059Z[0m [34mDEBUG[0m [2mlinuxblaster_control[0m[2m:[0m - data:   65 : [0x00, 0x5a, 0x12, 0x07, 0x01, 0x96, 0x14, 0x00, 0x00, 0x80, 0x40, 0x00]
[2m2026-02-21T14:46:24.053072Z[0m [34mDEBUG[0m [2mlinuxblaster_control[0m[2m:[0m - commit: 65 : [0x00, 0x5a, 0x11, 0x03, 0x01, 0x96, 0x14, 0x00, 0x00, 0x00, 0x00, 0x00]
[2m2026-02-21T14:46:24.053079Z[0m [34mDEBUG[0m [2mlinuxblaster_control[0m[2m:[0m ===== create_payload completed =====
[2m2026-02-21T14:46:24.053313Z[0m [34mDEBUG[0m [2mlinuxblaster_control[0m[2m:[0m ===== update_feature_value =====
[2m2026-02-21T14:46:24.053326Z[0m [34mDEBUG[0m [2mlinuxblaster_control[0m[2m:[0m feature: EQ 16kHz
[2m2026-02-21T14:46:24.053332Z[0m [34mDEBUG[0m [2mlinuxblaster_control[0m[2m:[0m value:   Slider(4.0)
[2m2026-02-21T14:46:24.053342Z[0m [34mDEBUG[0m [2mlinuxblaster_control[0m[2m:[0m Updating Feature Value EQ 16kHz -> Slider(4.0)
[2m2026-02-21T14:46:24.053351Z[0m [34mDEBUG[0m [2mlinuxblaster_control[0m[2m:[0m Applying slider: Bass Slider
[2m2026-02-21T14:46:24.053357Z[0m [34mDEBUG[0m [2mlinuxblaster_control[0m[2m:[0m - value: 0.43
[2m2026-02-21T14:46:24.053370Z[0m [34mDEBUG[0m [2mlinuxblaster_control[0m[2m:[0m ===== set_feature =====
[2m2026-02-21T14:46:24.053378Z[0m [34mDEBUG[0m [2mlinuxblaster_control[0m[2m:[0m feature: Bass
[2m2026-02-21T14:46:24.053385Z[0m [34mDEBUG[0m [2mlinuxblaster_control[0m[2m:[0m value:   Some(true)
[2m2026-02-21T14:46:24.053394Z[0m [34mDEBUG[0m [2mlinuxblaster_control[0m[2m:[0m Resolved Feature:
[2m2026-02-21T14:46:24.053399Z[0m [34mDEBUG[0m [2mlinuxblaster_control[0m[2m:[0m - id:           SBX(24)
[2m2026-02-21T14:46:24.053416Z[0m [34mDEBUG[0m [2mlinuxblaster_control[0m[2m:[0m - value:        Toggle(false)
[2m2026-02-21T14:46:24.053424Z[0m [34mDEBUG[0m [2mlinuxblaster_control[0m[2m:[0m - dependencies: Some(["SBX"])
[2m2026-02-21T14:46:24.053432Z[0m [34mDEBUG[0m [2mlinuxblaster_control[0m[2m:[0m Determined final toggle value:
[2m2026-02-21T14:46:24.053443Z[0m [34mDEBUG[0m [2mlinuxblaster_control[0m[2m:[0m - feature:    Bass
[2m2026-02-21T14:46:24.053450Z[0m [34mDEBUG[0m [2mlinuxblaster_control[0m[2m:[0m - final_value: true
[2m2026-02-21T14:46:24.053456Z[0m [34mDEBUG[0m [2mlinuxblaster_control[0m[2m:[0m Setting required dependencies:
[2m2026-02-21T14:46:24.053462Z[0m [34mDEBUG[0m [2mlinuxblaster_control[0m[2m:[0m - dependencies: ["SBX"]
[2m2026-02-21T14:46:24.053472Z[0m [34mDEBUG[0m [2mlinuxblaster_control[0m[2m:[0m Dependency already enabled: SBX
[2m2026-02-21T14:46:24.053479Z[0m [34mDEBUG[0m [2mlinuxblaster_control[0m[2m:[0m ===== create_payload =====
[2m2026-02-21T14:46:24.053484Z[0m [34mDEBUG[0m [2mlinuxblaster_control[0m[2m:[0m id:      SBX(24)
[2m2026-02-21T14:46:24.053490Z[0m [34mDEBUG[0m [2mlinuxblaster_control[0m[2m:[0m value:   100.0
[2m2026-02-21T14:46:24.053496Z[0m [34mDEBUG[0m [2mlinuxblaster_control[0m[2m:[0m create_payload completed: SBX(24)
[2m2026-02-21T14:46:24.053511Z[0m [34mDEBUG[0m [2mlinuxblaster_control[0m[2m:[0m - data:   65 : [0x00, 0x5a, 0x12, 0x07, 0x01, 0x96, 0x18, 0x00, 0x00, 0x80, 0x3f, 0x00]
[2m2026-02-21T14:46:24.053525Z[0m [34mDEBUG[0m [2mlinuxblaster_control[0m[2m:[0m - commit: 65 : [0x00, 0x5a, 0x11, 0x03, 0x01, 0x96, 0x18, 0x00, 0x00, 0x00, 0x00, 0x00]
[2m2026-02-21T14:46:24.053552Z[0m [34mDEBUG[0m [2mlinuxblaster_control[0m[2m:[0m ===== create_payload completed =====
[2m2026-02-21T14:46:24.053559Z[0m [34mDEBUG[0m [2mlinuxblaster_control[0m[2m:[0m Sending payload to device...
[2m2026-02-21T14:46:24.053813Z[0m [34mDEBUG[0m [2mlinuxblaster_control[0m[2m:[0m Payload sent ¯\_(ツ)_/¯
[2m2026-02-21T14:46:24.053825Z[0m [34mDEBUG[0m [2mlinuxblaster_control[0m[2m:[0m Updating feature value...
[2m2026-02-21T14:46:24.053832Z[0m [34mDEBUG[0m [2mlinuxblaster_control[0m[2m:[0m ===== update_feature_value =====
[2m2026-02-21T14:46:24.053839Z[0m [34mDEBUG[0m [2mlinuxblaster_control[0m[2m:[0m feature: Bass
[2m2026-02-21T14:46:24.053845Z[0m [34mDEBUG[0m [2mlinuxblaster_control[0m[2m:[0m value:   Toggle(true)
[2m2026-02-21T14:46:24.053853Z[0m [34mDEBUG[0m [2mlinuxblaster_control[0m[2m:[0m Updating Feature Value Bass -> Toggle(true)
[2m2026-02-21T14:46:24.053860Z[0m [34mDEBUG[0m [2mlinuxblaster_control[0m[2m:[0m ===== set_feature completed =====
[2m2026-02-21T14:46:24.053867Z[0m [34mDEBUG[0m [2mlinuxblaster_control[0m[2m:[0m ===== create_payload =====
[2m2026-02-21T14:46:24.053872Z[0m [34mDEBUG[0m [2mlinuxblaster_control[0m[2m:[0m id:      SBX(25)
[2m2026-02-21T14:46:24.053879Z[0m [34mDEBUG[0m [2mlinuxblaster_control[0m[2m:[0m value:   0.43
[2m2026-02-21T14:46:24.053884Z[0m [34mDEBUG[0m [2mlinuxblaster_control[0m[2m:[0m create_payload completed: SBX(25)
[2m2026-02-21T14:46:24.053915Z[0m [34mDEBUG[0m [2mlinuxblaster_control[0m[2m:[0m - data:   65 : [0x00, 0x5a, 0x12, 0x07, 0x01, 0x96, 0x19, 0x04, 0xe7, 0x8c, 0x3b, 0x00]
[2m2026-02-21T14:46:24.053930Z[0m [34mDEBUG[0m [2mlinuxblaster_control[0m[2m:[0m - commit: 65 : [0x00, 0x5a, 0x11, 0x03, 0x01, 0x96, 0x19, 0x00, 0x00, 0x00, 0x00, 0x00]
[2m2026-02-21T14:46:24.053938Z[0m [34mDEBUG[0m [2mlinuxblaster_control[0m[2m:[0m ===== create_payload completed =====
[2m2026-02-21T14:46:24.054152Z[0m [34mDEBUG[0m [2mlinuxblaster_control[0m[2m:[0m ===== update_feature_value =====
[2m2026-02-21T14:46:24.054166Z[0m [34mDEBUG[0m [2mlinuxblaster_control[0m[2m:[0m feature: Bass Slider
[2m2026-02-21T14:46:24.054172Z[0m [34mDEBUG[0m [2mlinuxblaster_control[0m[2m:[0m value:   Slider(0.43)
[2m2026-02-21T14:46:24.054181Z[0m [34mDEBUG[0m [2mlinuxblaster_control[0m[2m:[0m Updating Feature Value Bass Slider -> Slider(0.43)
[2m2026-02-21T14:46:24.054200Z[0m [34mDEBUG[0m [2mlinuxblaster_control[0m[2m:[0m Applying toggle: Output Mode
[2m2026-02-21T14:46:24.054206Z[0m [34mDEBUG[0m [2mlinuxblaster_control[0m[2m:[0m - value: true
[2m2026-02-21T14:46:24.054212Z[0m [34mDEBUG[0m [2mlinuxblaster_control[0m[2m:[0m ===== set_feature =====
[2m2026-02-21T14:46:24.054223Z[0m [34mDEBUG[0m [2mlinuxblaster_control[0m[2m:[0m feature: Output Mode
[2m2026-02-21T14:46:24.054229Z[0m [34mDEBUG[0m [2mlinuxblaster_control[0m[2m:[0m value:   Some(true)
[2m2026-02-21T14:46:24.054238Z[0m [34mDEBUG[0m [2mlinuxblaster_control[0m[2m:[0m Resolved Feature:
[2m2026-02-21T14:46:24.054245Z[0m [34mDEBUG[0m [2mlinuxblaster_control[0m[2m:[0m - id:           Routing(5)
[2m2026-02-21T14:46:24.054251Z[0m [34mDEBUG[0m [2mlinuxblaster_control[0m[2m:[0m - value:        Toggle(false)
[2m2026-02-21T14:46:24.054258Z[0m [34mDEBUG[0m [2mlinuxblaster_control[0m[2m:[0m - dependencies: None
[2m2026-02-21T14:46:24.054265Z[0m [34mDEBUG[0m [2mlinuxblaster_control[0m[2m:[0m Determined final toggle value:
[2m2026-02-21T14:46:24.054271Z[0m [34mDEBUG[0m [2mlinuxblaster_control[0m[2m:[0m - feature:    Output Mode
[2m2026-02-21T14:46:24.054277Z[0m [34mDEBUG[0m [2mlinuxblaster_control[0m[2m:[0m - final_value: true
[2m2026-02-21T14:46:24.054284Z[0m [34mDEBUG[0m [2mlinuxblaster_control[0m[2m:[0m ===== create_payload =====
[2m2026-02-21T14:46:24.054290Z[0m [34mDEBUG[0m [2mlinuxblaster_control[0m[2m:[0m id:      Routing(5)
[2m2026-02-21T14:46:24.054295Z[0m [34mDEBUG[0m [2mlinuxblaster_control[0m[2m:[0m value:   100.0
[2m2026-02-21T14:46:24.054302Z[0m [34mDEBUG[0m [2mlinuxblaster_control[0m[2m:[0m create_payload completed: Routing(5)
[2m2026-02-21T14:46:24.054318Z[0m [34mDEBUG[0m [2mlinuxblaster_control[0m[2m:[0m - data:   65 : [0x00, 0x5a, 0x2c, 0x05, 0x00, 0x04, 0x00, 0x00, 0x00, 0x00, 0x00, 0x00]
[2m2026-02-21T14:46:24.054332Z[0m [34mDEBUG[0m [2mlinuxblaster_control[0m[2m:[0m - commit: 65 : [0x00, 0x5a, 0x2c, 0x01, 0x01, 0x00, 0x00, 0x00, 0x00, 0x00, 0x00, 0x00]
[2m2026-02-21T14:46:24.054340Z[0m [34mDEBUG[0m [2mlinuxblaster_control[0m[2m:[0m ===== create_payload completed =====
[2m2026-02-21T14:46:24.054348Z[0m [34mDEBUG[0m [2mlinuxblaster_control[0m[2m:[0m Sending payload to device...
[2m2026-02-21T14:46:24.069582Z[0m [34mDEBUG[0m [2mlinuxblaster_control[0m[2m:[0m Payload sent ¯\_(ツ)_/¯
[2m2026-02-21T14:46:24.069638Z[0m [34mDEBUG[0m [2mlinuxblaster_control[0m[2m:[0m Updating feature value...
[2m2026-02-21T14:46:24.069649Z[0m [34mDEBUG[0m [2mlinuxblaster_control[0m[2m:[0m ===== update_feature_value =====
[2m2026-02-21T14:46:24.069653Z[0m [34mDEBUG[0m [2mlinuxblaster_control[0m[2m:[0m feature: Output Mode
[2m2026-02-21T14:46:24.069671Z[0m [34mDEBUG[0m [2mlinuxblaster_control[0m[2m:[0m value:   Toggle(true)
[2m2026-02-21T14:46:24.069680Z[0m [34mDEBUG[0m [2mlinuxblaster_control[0m[2m:[0m Updating Feature Value Output Mode -> Toggle(true)
[2m2026-02-21T14:46:24.069685Z[0m [34mDEBUG[0m [2mlinuxblaster_control[0m[2m:[0m ===== set_feature completed =====
Web server listening on http://127.0.0.1:3311
